# JRE version: Java(TM) SE Runtime Environment (17.0.12+8) (build 17.0.12+8-LTS-286)
# Java VM: Java HotSpot(TM) 64-Bit Server VM (17.0.12+8-LTS-286, mixed mode, sharing, tiered, compressed oops, compressed class ptrs, g1 gc, windows-amd64)
GC Precious Log:
 CPUs: 12 total, 12 available
 Memory: 16221M
 Large Page Support: Disabled
 NUMA Support: Disabled
 Compressed Oops: Enabled (32-bit)
 Heap Region Size: 1M
 Heap Min Capacity: 8M
 Heap Initial Capacity: 254M
 Heap Max Capacity: 2G
 Pre-touch: Disabled
 Parallel Workers: 10
 Concurrent Workers: 3
 Concurrent Refinement Workers: 10
 Periodic GC: Disabled
Heap:
 garbage-first heap   total 389120K, used 307290K [0x0000000080000000, 0x0000000100000000)
  region size 1024K, 3 young (3072K), 3 survivors (3072K)
 Metaspace       used 110841K, committed 111808K, reserved 1179648K
  class space    used 15077K, committed 15552K, reserved 1048576K
GC Heap History (20 events):
Event: 15.197 GC heap after
{Heap after GC invocations=41 (full 0):
 garbage-first heap   total 320512K, used 144224K [0x0000000080000000, 0x0000000100000000)
  region size 1024K, 7 young (7168K), 7 survivors (7168K)
 Metaspace       used 104883K, committed 105728K, reserved 1179648K
  class space    used 14240K, committed 14656K, reserved 1048576K
}
Event: 15.479 GC heap before
{Heap before GC invocations=42 (full 0):
 garbage-first heap   total 320512K, used 237408K [0x0000000080000000, 0x0000000100000000)
  region size 1024K, 106 young (108544K), 7 survivors (7168K)
 Metaspace       used 105214K, committed 106112K, reserved 1179648K
  class space    used 14305K, committed 14784K, reserved 1048576K
}
Event: 15.483 GC heap after
{Heap after GC invocations=43 (full 0):
 garbage-first heap   total 320512K, used 140543K [0x0000000080000000, 0x0000000100000000)
  region size 1024K, 11 young (11264K), 11 survivors (11264K)
 Metaspace       used 105214K, committed 106112K, reserved 1179648K
  class space    used 14305K, committed 14784K, reserved 1048576K
}
Event: 15.495 GC heap before
{Heap before GC invocations=43 (full 0):
 garbage-first heap   total 320512K, used 143615K [0x0000000080000000, 0x0000000100000000)
  region size 1024K, 15 young (15360K), 11 survivors (11264K)
 Metaspace       used 105214K, committed 106112K, reserved 1179648K
  class space    used 14305K, committed 14784K, reserved 1048576K
}
Event: 15.499 GC heap after
{Heap after GC invocations=44 (full 0):
 garbage-first heap   total 320512K, used 129648K [0x0000000080000000, 0x0000000100000000)
  region size 1024K, 2 young (2048K), 2 survivors (2048K)
 Metaspace       used 105214K, committed 106112K, reserved 1179648K
  class space    used 14305K, committed 14784K, reserved 1048576K
}
Event: 15.844 GC heap before
{Heap before GC invocations=44 (full 0):
 garbage-first heap   total 320512K, used 245360K [0x0000000080000000, 0x0000000100000000)
  region size 1024K, 116 young (118784K), 2 survivors (2048K)
 Metaspace       used 105920K, committed 106816K, reserved 1179648K
  class space    used 14409K, committed 14848K, reserved 1048576K
}
Event: 15.848 GC heap after
{Heap after GC invocations=45 (full 0):
 garbage-first heap   total 320512K, used 137020K [0x0000000080000000, 0x0000000100000000)
  region size 1024K, 10 young (10240K), 10 survivors (10240K)
 Metaspace       used 105920K, committed 106816K, reserved 1179648K
  class space    used 14409K, committed 14848K, reserved 1048576K
}
Event: 16.123 GC heap before
{Heap before GC invocations=45 (full 0):
 garbage-first heap   total 320512K, used 202556K [0x0000000080000000, 0x0000000100000000)
  region size 1024K, 52 young (53248K), 10 survivors (10240K)
 Metaspace       used 107231K, committed 108160K, reserved 1179648K
  class space    used 14579K, committed 15040K, reserved 1048576K
}
Event: 16.126 GC heap after
{Heap after GC invocations=46 (full 0):
 garbage-first heap   total 320512K, used 169884K [0x0000000080000000, 0x0000000100000000)
  region size 1024K, 11 young (11264K), 11 survivors (11264K)
 Metaspace       used 107231K, committed 108160K, reserved 1179648K
  class space    used 14579K, committed 15040K, reserved 1048576K
}
Event: 16.248 GC heap before
{Heap before GC invocations=46 (full 0):
 garbage-first heap   total 320512K, used 205724K [0x0000000080000000, 0x0000000100000000)
  region size 1024K, 12 young (12288K), 11 survivors (11264K)
 Metaspace       used 107234K, committed 108160K, reserved 1179648K
  class space    used 14579K, committed 15040K, reserved 1048576K
}
Event: 16.250 GC heap after
{Heap after GC invocations=47 (full 0):
 garbage-first heap   total 320512K, used 206658K [0x0000000080000000, 0x0000000100000000)
  region size 1024K, 1 young (1024K), 1 survivors (1024K)
 Metaspace       used 107234K, committed 108160K, reserved 1179648K
  class space    used 14579K, committed 15040K, reserved 1048576K
}
Event: 16.671 GC heap before
{Heap before GC invocations=48 (full 0):
 garbage-first heap   total 358400K, used 259906K [0x0000000080000000, 0x0000000100000000)
  region size 1024K, 42 young (43008K), 1 survivors (1024K)
 Metaspace       used 110092K, committed 111040K, reserved 1179648K
  class space    used 14962K, committed 15424K, reserved 1048576K
}
Event: 16.672 GC heap after
{Heap after GC invocations=49 (full 0):
 garbage-first heap   total 358400K, used 222643K [0x0000000080000000, 0x0000000100000000)
  region size 1024K, 5 young (5120K), 5 survivors (5120K)
 Metaspace       used 110092K, committed 111040K, reserved 1179648K
  class space    used 14962K, committed 15424K, reserved 1048576K
}
Event: 16.721 GC heap before
{Heap before GC invocations=49 (full 0):
 garbage-first heap   total 358400K, used 233907K [0x0000000080000000, 0x0000000100000000)
  region size 1024K, 17 young (17408K), 5 survivors (5120K)
 Metaspace       used 110707K, committed 111616K, reserved 1179648K
  class space    used 15057K, committed 15552K, reserved 1048576K
}
Event: 16.723 GC heap after
{Heap after GC invocations=50 (full 0):
 garbage-first heap   total 358400K, used 219212K [0x0000000080000000, 0x0000000100000000)
  region size 1024K, 2 young (2048K), 2 survivors (2048K)
 Metaspace       used 110707K, committed 111616K, reserved 1179648K
  class space    used 15057K, committed 15552K, reserved 1048576K
}
Event: 16.748 GC heap before
{Heap before GC invocations=50 (full 0):
 garbage-first heap   total 358400K, used 330828K [0x0000000080000000, 0x0000000100000000)
  region size 1024K, 31 young (31744K), 2 survivors (2048K)
 Metaspace       used 110839K, committed 111808K, reserved 1179648K
  class space    used 15077K, committed 15552K, reserved 1048576K
}
Event: 16.750 GC heap after
{Heap after GC invocations=51 (full 0):
 garbage-first heap   total 358400K, used 274216K [0x0000000080000000, 0x0000000100000000)
  region size 1024K, 7 young (7168K), 7 survivors (7168K)
 Metaspace       used 110839K, committed 111808K, reserved 1179648K
  class space    used 15077K, committed 15552K, reserved 1048576K
}
Event: 16.753 GC heap before
{Heap before GC invocations=51 (full 0):
 garbage-first heap   total 358400K, used 291624K [0x0000000080000000, 0x0000000100000000)
  region size 1024K, 8 young (8192K), 7 survivors (7168K)
 Metaspace       used 110839K, committed 111808K, reserved 1179648K
  class space    used 15077K, committed 15552K, reserved 1048576K
}
Event: 16.755 GC heap after
{Heap after GC invocations=52 (full 0):
 garbage-first heap   total 358400K, used 292351K [0x0000000080000000, 0x0000000100000000)
  region size 1024K, 1 young (1024K), 1 survivors (1024K)
 Metaspace       used 110839K, committed 111808K, reserved 1179648K
  class space    used 15077K, committed 15552K, reserved 1048576K
}
Event: 16.781 GC heap before
{Heap before GC invocations=52 (full 0):
 garbage-first heap   total 389120K, used 379391K [0x0000000080000000, 0x0000000100000000)
  region size 1024K, 16 young (16384K), 1 survivors (1024K)
 Metaspace       used 110841K, committed 111808K, reserved 1179648K
  class space    used 15077K, committed 15552K, reserved 1048576K
}

